TN:
SF:src/presentation/controller/signup.ts
FN:13,SignUpController
FN:17,handle
FNF:2
FNH:2
FNDA:8,SignUpController
FNDA:8,handle
DA:1,1
DA:2,1
DA:3,1
DA:4,1
DA:5,1
DA:6,1
DA:7,1
DA:8,1
DA:9,1
DA:10,1
DA:11,1
DA:12,1
DA:13,1
DA:14,8
DA:15,8
DA:16,1
DA:17,1
DA:18,8
DA:19,8
DA:20,8
DA:21,8
DA:22,8
DA:23,8
DA:24,8
DA:25,8
DA:26,27
DA:27,4
DA:28,4
DA:29,27
DA:30,8
DA:31,8
DA:32,1
DA:33,1
DA:34,3
DA:35,8
DA:36,1
DA:37,1
DA:38,1
DA:39,1
DA:40,1
DA:41,1
DA:42,1
DA:43,1
DA:44,1
DA:45,8
DA:46,1
LF:46
LH:46
BRDA:13,0,0,8
BRDA:17,1,0,8
BRDA:25,2,0,27
BRDA:26,3,0,4
BRDA:31,4,0,1
BRDA:34,5,0,3
BRDA:35,6,0,1
BRF:7
BRH:7
end_of_record
