TN:
SF:src/presentation/controller/signup.ts
FN:11,SignUpController
FN:15,handle
FNF:2
FNH:2
FNDA:7,SignUpController
FNDA:7,handle
DA:1,1
DA:2,1
DA:3,1
DA:4,1
DA:5,1
DA:6,1
DA:7,1
DA:8,1
DA:9,1
DA:10,1
DA:11,1
DA:12,7
DA:13,7
DA:14,1
DA:15,1
DA:16,7
DA:17,7
DA:18,7
DA:19,7
DA:20,7
DA:21,7
DA:22,7
DA:23,7
DA:24,23
DA:25,4
DA:26,4
DA:27,23
DA:28,7
DA:29,7
DA:30,7
DA:31,1
DA:32,1
DA:33,1
DA:34,1
DA:35,1
DA:36,1
DA:37,1
DA:38,1
DA:39,1
DA:40,7
DA:41,1
LF:41
LH:41
BRDA:11,0,0,7
BRDA:15,1,0,7
BRDA:23,2,0,23
BRDA:24,3,0,4
BRDA:30,4,0,1
BRF:5
BRH:5
end_of_record
TN:
SF:src/presentation/helpers/http-helper.ts
FN:4,badRequest
FN:8,serverError
FNF:2
FNH:2
FNDA:5,badRequest
FNDA:1,serverError
DA:1,1
DA:2,1
DA:3,1
DA:4,1
DA:5,5
DA:6,5
DA:7,1
DA:8,1
DA:9,1
DA:10,1
DA:11,1
LF:11
LH:11
BRDA:4,0,0,5
BRDA:8,1,0,1
BRF:2
BRH:2
end_of_record
